npm WARN EBADENGINE Unsupported engine {
npm WARN EBADENGINE   package: '@angular-devkit/schematics@21.0.0',
npm WARN EBADENGINE   required: {
npm WARN EBADENGINE     node: '^20.19.0 || ^22.12.0 || >=24.0.0',
npm WARN EBADENGINE     npm: '^6.11.0 || ^7.5.6 || >=8.0.0',
npm WARN EBADENGINE     yarn: '>= 1.13.0'
npm WARN EBADENGINE   },
npm WARN EBADENGINE   current: { node: 'v14.20.0', npm: '8.5.0' }
npm WARN EBADENGINE }
npm WARN EBADENGINE Unsupported engine {
npm WARN EBADENGINE   package: '@angular-devkit/core@21.0.0',
npm WARN EBADENGINE   required: {
npm WARN EBADENGINE     node: '^20.19.0 || ^22.12.0 || >=24.0.0',
npm WARN EBADENGINE     npm: '^6.11.0 || ^7.5.6 || >=8.0.0',
npm WARN EBADENGINE     yarn: '>= 1.13.0'
npm WARN EBADENGINE   },
npm WARN EBADENGINE   current: { node: 'v14.20.0', npm: '8.5.0' }
npm WARN EBADENGINE }
npm WARN EBADENGINE Unsupported engine {
npm WARN EBADENGINE   package: 'cli-cursor@5.0.0',
npm WARN EBADENGINE   required: { node: '>=18' },
npm WARN EBADENGINE   current: { node: 'v14.20.0', npm: '8.5.0' }
npm WARN EBADENGINE }
npm WARN EBADENGINE Unsupported engine {
npm WARN EBADENGINE   package: 'cli-spinners@3.3.0',
npm WARN EBADENGINE   required: { node: '>=18.20' },
npm WARN EBADENGINE   current: { node: 'v14.20.0', npm: '8.5.0' }
npm WARN EBADENGINE }
npm WARN EBADENGINE Unsupported engine {
npm WARN EBADENGINE   package: 'is-unicode-supported@2.1.0',
npm WARN EBADENGINE   required: { node: '>=18' },
npm WARN EBADENGINE   current: { node: 'v14.20.0', npm: '8.5.0' }
npm WARN EBADENGINE }
npm WARN EBADENGINE Unsupported engine {
npm WARN EBADENGINE   package: 'log-symbols@7.0.1',
npm WARN EBADENGINE   required: { node: '>=18' },
npm WARN EBADENGINE   current: { node: 'v14.20.0', npm: '8.5.0' }
npm WARN EBADENGINE }
npm WARN EBADENGINE Unsupported engine {
npm WARN EBADENGINE   package: 'onetime@7.0.0',
npm WARN EBADENGINE   required: { node: '>=18' },
npm WARN EBADENGINE   current: { node: 'v14.20.0', npm: '8.5.0' }
npm WARN EBADENGINE }
npm WARN EBADENGINE Unsupported engine {
npm WARN EBADENGINE   package: 'ora@9.0.0',
npm WARN EBADENGINE   required: { node: '>=20' },
npm WARN EBADENGINE   current: { node: 'v14.20.0', npm: '8.5.0' }
npm WARN EBADENGINE }
npm WARN EBADENGINE Unsupported engine {
npm WARN EBADENGINE   package: 'restore-cursor@5.1.0',
npm WARN EBADENGINE   required: { node: '>=18' },
npm WARN EBADENGINE   current: { node: 'v14.20.0', npm: '8.5.0' }
npm WARN EBADENGINE }
npm WARN EBADENGINE Unsupported engine {
npm WARN EBADENGINE   package: 'string-width@8.1.0',
npm WARN EBADENGINE   required: { node: '>=20' },
npm WARN EBADENGINE   current: { node: 'v14.20.0', npm: '8.5.0' }
npm WARN EBADENGINE }
npm WARN EBADENGINE Unsupported engine {
npm WARN EBADENGINE   package: '@angular/cli@21.0.0',
npm WARN EBADENGINE   required: {
npm WARN EBADENGINE     node: '^20.19.0 || ^22.12.0 || >=24.0.0',
npm WARN EBADENGINE     npm: '^6.11.0 || ^7.5.6 || >=8.0.0',
npm WARN EBADENGINE     yarn: '>= 1.13.0'
npm WARN EBADENGINE   },
npm WARN EBADENGINE   current: { node: 'v14.20.0', npm: '8.5.0' }
npm WARN EBADENGINE }
npm WARN EBADENGINE Unsupported engine {
npm WARN EBADENGINE   package: '@angular-devkit/architect@0.2100.0',
npm WARN EBADENGINE   required: {
npm WARN EBADENGINE     node: '^20.19.0 || ^22.12.0 || >=24.0.0',
npm WARN EBADENGINE     npm: '^6.11.0 || ^7.5.6 || >=8.0.0',
npm WARN EBADENGINE     yarn: '>= 1.13.0'
npm WARN EBADENGINE   },
npm WARN EBADENGINE   current: { node: 'v14.20.0', npm: '8.5.0' }
npm WARN EBADENGINE }
npm WARN EBADENGINE Unsupported engine {
npm WARN EBADENGINE   package: '@angular-devkit/core@21.0.0',
npm WARN EBADENGINE   required: {
npm WARN EBADENGINE     node: '^20.19.0 || ^22.12.0 || >=24.0.0',
npm WARN EBADENGINE     npm: '^6.11.0 || ^7.5.6 || >=8.0.0',
npm WARN EBADENGINE     yarn: '>= 1.13.0'
npm WARN EBADENGINE   },
npm WARN EBADENGINE   current: { node: 'v14.20.0', npm: '8.5.0' }
npm WARN EBADENGINE }
npm WARN EBADENGINE Unsupported engine {
npm WARN EBADENGINE   package: '@inquirer/checkbox@4.3.2',
npm WARN EBADENGINE   required: { node: '>=18' },
npm WARN EBADENGINE   current: { node: 'v14.20.0', npm: '8.5.0' }
npm WARN EBADENGINE }
npm WARN EBADENGINE Unsupported engine {
npm WARN EBADENGINE   package: '@inquirer/confirm@5.1.21',
npm WARN EBADENGINE   required: { node: '>=18' },
npm WARN EBADENGINE   current: { node: 'v14.20.0', npm: '8.5.0' }
npm WARN EBADENGINE }
npm WARN EBADENGINE Unsupported engine {
npm WARN EBADENGINE   package: '@inquirer/core@10.3.2',
npm WARN EBADENGINE   required: { node: '>=18' },
npm WARN EBADENGINE   current: { node: 'v14.20.0', npm: '8.5.0' }
npm WARN EBADENGINE }
npm WARN EBADENGINE Unsupported engine {
npm WARN EBADENGINE   package: '@inquirer/editor@4.2.23',
npm WARN EBADENGINE   required: { node: '>=18' },
npm WARN EBADENGINE   current: { node: 'v14.20.0', npm: '8.5.0' }
npm WARN EBADENGINE }
npm WARN EBADENGINE Unsupported engine {
npm WARN EBADENGINE   package: '@inquirer/expand@4.0.23',
npm WARN EBADENGINE   required: { node: '>=18' },
npm WARN EBADENGINE   current: { node: 'v14.20.0', npm: '8.5.0' }
npm WARN EBADENGINE }
npm WARN EBADENGINE Unsupported engine {
npm WARN EBADENGINE   package: '@inquirer/external-editor@1.0.3',
npm WARN EBADENGINE   required: { node: '>=18' },
npm WARN EBADENGINE   current: { node: 'v14.20.0', npm: '8.5.0' }
npm WARN EBADENGINE }
npm WARN EBADENGINE Unsupported engine {
npm WARN EBADENGINE   package: '@inquirer/input@4.3.1',
npm WARN EBADENGINE   required: { node: '>=18' },
npm WARN EBADENGINE   current: { node: 'v14.20.0', npm: '8.5.0' }
npm WARN EBADENGINE }
npm WARN EBADENGINE Unsupported engine {
npm WARN EBADENGINE   package: '@inquirer/number@3.0.23',
npm WARN EBADENGINE   required: { node: '>=18' },
npm WARN EBADENGINE   current: { node: 'v14.20.0', npm: '8.5.0' }
npm WARN EBADENGINE }
npm WARN EBADENGINE Unsupported engine {
npm WARN EBADENGINE   package: '@inquirer/password@4.0.23',
npm WARN EBADENGINE   required: { node: '>=18' },
npm WARN EBADENGINE   current: { node: 'v14.20.0', npm: '8.5.0' }
npm WARN EBADENGINE }
npm WARN EBADENGINE Unsupported engine {
npm WARN EBADENGINE   package: '@inquirer/prompts@7.9.0',
npm WARN EBADENGINE   required: { node: '>=18' },
npm WARN EBADENGINE   current: { node: 'v14.20.0', npm: '8.5.0' }
npm WARN EBADENGINE }
npm WARN EBADENGINE Unsupported engine {
npm WARN EBADENGINE   package: '@inquirer/rawlist@4.1.11',
npm WARN EBADENGINE   required: { node: '>=18' },
npm WARN EBADENGINE   current: { node: 'v14.20.0', npm: '8.5.0' }
npm WARN EBADENGINE }
npm WARN EBADENGINE Unsupported engine {
npm WARN EBADENGINE   package: '@inquirer/search@3.2.2',
npm WARN EBADENGINE   required: { node: '>=18' },
npm WARN EBADENGINE   current: { node: 'v14.20.0', npm: '8.5.0' }
npm WARN EBADENGINE }
npm WARN EBADENGINE Unsupported engine {
npm WARN EBADENGINE   package: '@inquirer/select@4.4.2',
npm WARN EBADENGINE   required: { node: '>=18' },
npm WARN EBADENGINE   current: { node: 'v14.20.0', npm: '8.5.0' }
npm WARN EBADENGINE }
npm WARN EBADENGINE Unsupported engine {
npm WARN EBADENGINE   package: '@inquirer/type@3.0.10',
npm WARN EBADENGINE   required: { node: '>=18' },
npm WARN EBADENGINE   current: { node: 'v14.20.0', npm: '8.5.0' }
npm WARN EBADENGINE }
npm WARN EBADENGINE Unsupported engine {
npm WARN EBADENGINE   package: '@listr2/prompt-adapter-inquirer@3.0.5',
npm WARN EBADENGINE   required: { node: '>=20.0.0' },
npm WARN EBADENGINE   current: { node: 'v14.20.0', npm: '8.5.0' }
npm WARN EBADENGINE }
npm WARN EBADENGINE Unsupported engine {
npm WARN EBADENGINE   package: 'mute-stream@2.0.0',
npm WARN EBADENGINE   required: { node: '^18.17.0 || >=20.5.0' },
npm WARN EBADENGINE   current: { node: 'v14.20.0', npm: '8.5.0' }
npm WARN EBADENGINE }
npm WARN EBADENGINE Unsupported engine {
npm WARN EBADENGINE   package: '@inquirer/ansi@1.0.2',
npm WARN EBADENGINE   required: { node: '>=18' },
npm WARN EBADENGINE   current: { node: 'v14.20.0', npm: '8.5.0' }
npm WARN EBADENGINE }
npm WARN EBADENGINE Unsupported engine {
npm WARN EBADENGINE   package: '@inquirer/figures@1.0.15',
npm WARN EBADENGINE   required: { node: '>=18' },
npm WARN EBADENGINE   current: { node: 'v14.20.0', npm: '8.5.0' }
npm WARN EBADENGINE }
npm WARN EBADENGINE Unsupported engine {
npm WARN EBADENGINE   package: '@isaacs/balanced-match@4.0.1',
npm WARN EBADENGINE   required: { node: '20 || >=22' },
npm WARN EBADENGINE   current: { node: 'v14.20.0', npm: '8.5.0' }
npm WARN EBADENGINE }
npm WARN EBADENGINE Unsupported engine {
npm WARN EBADENGINE   package: '@isaacs/brace-expansion@5.0.0',
npm WARN EBADENGINE   required: { node: '20 || >=22' },
npm WARN EBADENGINE   current: { node: 'v14.20.0', npm: '8.5.0' }
npm WARN EBADENGINE }
npm WARN EBADENGINE Unsupported engine {
npm WARN EBADENGINE   package: '@isaacs/fs-minipass@4.0.1',
npm WARN EBADENGINE   required: { node: '>=18.0.0' },
npm WARN EBADENGINE   current: { node: 'v14.20.0', npm: '8.5.0' }
npm WARN EBADENGINE }
npm WARN EBADENGINE Unsupported engine {
npm WARN EBADENGINE   package: '@modelcontextprotocol/sdk@1.20.1',
npm WARN EBADENGINE   required: { node: '>=18' },
npm WARN EBADENGINE   current: { node: 'v14.20.0', npm: '8.5.0' }
npm WARN EBADENGINE }
npm WARN EBADENGINE Unsupported engine {
npm WARN EBADENGINE   package: '@npmcli/agent@4.0.0',
npm WARN EBADENGINE   required: { node: '^20.17.0 || >=22.9.0' },
npm WARN EBADENGINE   current: { node: 'v14.20.0', npm: '8.5.0' }
npm WARN EBADENGINE }
npm WARN EBADENGINE Unsupported engine {
npm WARN EBADENGINE   package: 'lru-cache@11.2.2',
npm WARN EBADENGINE   required: { node: '20 || >=22' },
npm WARN EBADENGINE   current: { node: 'v14.20.0', npm: '8.5.0' }
npm WARN EBADENGINE }
npm WARN EBADENGINE Unsupported engine {
npm WARN EBADENGINE   package: '@npmcli/fs@5.0.0',
npm WARN EBADENGINE   required: { node: '^20.17.0 || >=22.9.0' },
npm WARN EBADENGINE   current: { node: 'v14.20.0', npm: '8.5.0' }
npm WARN EBADENGINE }
npm WARN EBADENGINE Unsupported engine {
npm WARN EBADENGINE   package: '@npmcli/git@7.0.1',
npm WARN EBADENGINE   required: { node: '^20.17.0 || >=22.9.0' },
npm WARN EBADENGINE   current: { node: 'v14.20.0', npm: '8.5.0' }
npm WARN EBADENGINE }
npm WARN EBADENGINE Unsupported engine {
npm WARN EBADENGINE   package: '@npmcli/promise-spawn@9.0.1',
npm WARN EBADENGINE   required: { node: '^20.17.0 || >=22.9.0' },
npm WARN EBADENGINE   current: { node: 'v14.20.0', npm: '8.5.0' }
npm WARN EBADENGINE }
npm WARN EBADENGINE Unsupported engine {
npm WARN EBADENGINE   package: 'ini@6.0.0',
npm WARN EBADENGINE   required: { node: '^20.17.0 || >=22.9.0' },
npm WARN EBADENGINE   current: { node: 'v14.20.0', npm: '8.5.0' }
npm WARN EBADENGINE }
npm WARN EBADENGINE Unsupported engine {
npm WARN EBADENGINE   package: 'isexe@3.1.1',
npm WARN EBADENGINE   required: { node: '>=16' },
npm WARN EBADENGINE   current: { node: 'v14.20.0', npm: '8.5.0' }
npm WARN EBADENGINE }
npm WARN EBADENGINE Unsupported engine {
npm WARN EBADENGINE   package: 'lru-cache@11.2.2',
npm WARN EBADENGINE   required: { node: '20 || >=22' },
npm WARN EBADENGINE   current: { node: 'v14.20.0', npm: '8.5.0' }
npm WARN EBADENGINE }
npm WARN EBADENGINE Unsupported engine {
npm WARN EBADENGINE   package: 'proc-log@6.1.0',
npm WARN EBADENGINE   required: { node: '^20.17.0 || >=22.9.0' },
npm WARN EBADENGINE   current: { node: 'v14.20.0', npm: '8.5.0' }
npm WARN EBADENGINE }
npm WARN EBADENGINE Unsupported engine {
npm WARN EBADENGINE   package: 'which@6.0.0',
npm WARN EBADENGINE   required: { node: '^20.17.0 || >=22.9.0' },
npm WARN EBADENGINE   current: { node: 'v14.20.0', npm: '8.5.0' }
npm WARN EBADENGINE }
npm WARN EBADENGINE Unsupported engine {
npm WARN EBADENGINE   package: '@npmcli/installed-package-contents@3.0.0',
npm WARN EBADENGINE   required: { node: '^18.17.0 || >=20.5.0' },
npm WARN EBADENGINE   current: { node: 'v14.20.0', npm: '8.5.0' }
npm WARN EBADENGINE }
npm WARN EBADENGINE Unsupported engine {
npm WARN EBADENGINE   package: '@npmcli/node-gyp@5.0.0',
npm WARN EBADENGINE   required: { node: '^20.17.0 || >=22.9.0' },
npm WARN EBADENGINE   current: { node: 'v14.20.0', npm: '8.5.0' }
npm WARN EBADENGINE }
npm WARN EBADENGINE Unsupported engine {
npm WARN EBADENGINE   package: '@npmcli/package-json@7.0.4',
npm WARN EBADENGINE   required: { node: '^20.17.0 || >=22.9.0' },
npm WARN EBADENGINE   current: { node: 'v14.20.0', npm: '8.5.0' }
npm WARN EBADENGINE }
npm WARN EBADENGINE Unsupported engine {
npm WARN EBADENGINE   package: 'glob@13.0.0',
npm WARN EBADENGINE   required: { node: '20 || >=22' },
npm WARN EBADENGINE   current: { node: 'v14.20.0', npm: '8.5.0' }
npm WARN EBADENGINE }
npm WARN EBADENGINE Unsupported engine {
npm WARN EBADENGINE   package: 'minimatch@10.1.1',
npm WARN EBADENGINE   required: { node: '20 || >=22' },
npm WARN EBADENGINE   current: { node: 'v14.20.0', npm: '8.5.0' }
npm WARN EBADENGINE }
npm WARN EBADENGINE Unsupported engine {
npm WARN EBADENGINE   package: 'proc-log@6.1.0',
npm WARN EBADENGINE   required: { node: '^20.17.0 || >=22.9.0' },
npm WARN EBADENGINE   current: { node: 'v14.20.0', npm: '8.5.0' }
npm WARN EBADENGINE }
npm WARN EBADENGINE Unsupported engine {
npm WARN EBADENGINE   package: '@npmcli/promise-spawn@8.0.3',
npm WARN EBADENGINE   required: { node: '^18.17.0 || >=20.5.0' },
npm WARN EBADENGINE   current: { node: 'v14.20.0', npm: '8.5.0' }
npm WARN EBADENGINE }
npm WARN EBADENGINE Unsupported engine {
npm WARN EBADENGINE   package: 'isexe@3.1.1',
npm WARN EBADENGINE   required: { node: '>=16' },
npm WARN EBADENGINE   current: { node: 'v14.20.0', npm: '8.5.0' }
npm WARN EBADENGINE }
npm WARN EBADENGINE Unsupported engine {
npm WARN EBADENGINE   package: 'which@5.0.0',
npm WARN EBADENGINE   required: { node: '^18.17.0 || >=20.5.0' },
npm WARN EBADENGINE   current: { node: 'v14.20.0', npm: '8.5.0' }
npm WARN EBADENGINE }
npm WARN EBADENGINE Unsupported engine {
npm WARN EBADENGINE   package: '@npmcli/redact@4.0.0',
npm WARN EBADENGINE   required: { node: '^20.17.0 || >=22.9.0' },
npm WARN EBADENGINE   current: { node: 'v14.20.0', npm: '8.5.0' }
npm WARN EBADENGINE }
npm WARN EBADENGINE Unsupported engine {
npm WARN EBADENGINE   package: '@npmcli/run-script@10.0.3',
npm WARN EBADENGINE   required: { node: '^20.17.0 || >=22.9.0' },
npm WARN EBADENGINE   current: { node: 'v14.20.0', npm: '8.5.0' }
npm WARN EBADENGINE }
npm WARN EBADENGINE Unsupported engine {
npm WARN EBADENGINE   package: '@npmcli/promise-spawn@9.0.1',
npm WARN EBADENGINE   required: { node: '^20.17.0 || >=22.9.0' },
npm WARN EBADENGINE   current: { node: 'v14.20.0', npm: '8.5.0' }
npm WARN EBADENGINE }
npm WARN EBADENGINE Unsupported engine {
npm WARN EBADENGINE   package: 'isexe@3.1.1',
npm WARN EBADENGINE   required: { node: '>=16' },
npm WARN EBADENGINE   current: { node: 'v14.20.0', npm: '8.5.0' }
npm WARN EBADENGINE }
npm WARN EBADENGINE Unsupported engine {
npm WARN EBADENGINE   package: 'proc-log@6.1.0',
npm WARN EBADENGINE   required: { node: '^20.17.0 || >=22.9.0' },
npm WARN EBADENGINE   current: { node: 'v14.20.0', npm: '8.5.0' }
npm WARN EBADENGINE }
npm WARN EBADENGINE Unsupported engine {
npm WARN EBADENGINE   package: 'which@6.0.0',
npm WARN EBADENGINE   required: { node: '^20.17.0 || >=22.9.0' },
npm WARN EBADENGINE   current: { node: 'v14.20.0', npm: '8.5.0' }
npm WARN EBADENGINE }
npm WARN EBADENGINE Unsupported engine {
npm WARN EBADENGINE   package: '@schematics/angular@21.0.0',
npm WARN EBADENGINE   required: {
npm WARN EBADENGINE     node: '^20.19.0 || ^22.12.0 || >=24.0.0',
npm WARN EBADENGINE     npm: '^6.11.0 || ^7.5.6 || >=8.0.0',
npm WARN EBADENGINE     yarn: '>= 1.13.0'
npm WARN EBADENGINE   },
npm WARN EBADENGINE   current: { node: 'v14.20.0', npm: '8.5.0' }
npm WARN EBADENGINE }
npm WARN EBADENGINE Unsupported engine {
npm WARN EBADENGINE   package: '@angular-devkit/core@21.0.0',
npm WARN EBADENGINE   required: {
npm WARN EBADENGINE     node: '^20.19.0 || ^22.12.0 || >=24.0.0',
npm WARN EBADENGINE     npm: '^6.11.0 || ^7.5.6 || >=8.0.0',
npm WARN EBADENGINE     yarn: '>= 1.13.0'
npm WARN EBADENGINE   },
npm WARN EBADENGINE   current: { node: 'v14.20.0', npm: '8.5.0' }
npm WARN EBADENGINE }
npm WARN EBADENGINE Unsupported engine {
npm WARN EBADENGINE   package: '@sigstore/bundle@4.0.0',
npm WARN EBADENGINE   required: { node: '^20.17.0 || >=22.9.0' },
npm WARN EBADENGINE   current: { node: 'v14.20.0', npm: '8.5.0' }
npm WARN EBADENGINE }
npm WARN EBADENGINE Unsupported engine {
npm WARN EBADENGINE   package: '@sigstore/core@3.0.0',
npm WARN EBADENGINE   required: { node: '^20.17.0 || >=22.9.0' },
npm WARN EBADENGINE   current: { node: 'v14.20.0', npm: '8.5.0' }
npm WARN EBADENGINE }
npm WARN EBADENGINE Unsupported engine {
npm WARN EBADENGINE   package: '@sigstore/protobuf-specs@0.5.0',
npm WARN EBADENGINE   required: { node: '^18.17.0 || >=20.5.0' },
npm WARN EBADENGINE   current: { node: 'v14.20.0', npm: '8.5.0' }
npm WARN EBADENGINE }
npm WARN EBADENGINE Unsupported engine {
npm WARN EBADENGINE   package: '@sigstore/sign@4.0.1',
npm WARN EBADENGINE   required: { node: '^20.17.0 || >=22.9.0' },
npm WARN EBADENGINE   current: { node: 'v14.20.0', npm: '8.5.0' }
npm WARN EBADENGINE }
npm WARN EBADENGINE Unsupported engine {
npm WARN EBADENGINE   package: '@sigstore/tuf@4.0.0',
npm WARN EBADENGINE   required: { node: '^20.17.0 || >=22.9.0' },
npm WARN EBADENGINE   current: { node: 'v14.20.0', npm: '8.5.0' }
npm WARN EBADENGINE }
npm WARN EBADENGINE Unsupported engine {
npm WARN EBADENGINE   package: '@sigstore/verify@3.0.0',
npm WARN EBADENGINE   required: { node: '^20.17.0 || >=22.9.0' },
npm WARN EBADENGINE   current: { node: 'v14.20.0', npm: '8.5.0' }
npm WARN EBADENGINE }
npm WARN EBADENGINE Unsupported engine {
npm WARN EBADENGINE   package: '@tufjs/canonical-json@2.0.0',
npm WARN EBADENGINE   required: { node: '^16.14.0 || >=18.0.0' },
npm WARN EBADENGINE   current: { node: 'v14.20.0', npm: '8.5.0' }
npm WARN EBADENGINE }
npm WARN EBADENGINE Unsupported engine {
npm WARN EBADENGINE   package: '@tufjs/models@4.0.0',
npm WARN EBADENGINE   required: { node: '^20.17.0 || >=22.9.0' },
npm WARN EBADENGINE   current: { node: 'v14.20.0', npm: '8.5.0' }
npm WARN EBADENGINE }
npm WARN EBADENGINE Unsupported engine {
npm WARN EBADENGINE   package: 'abbrev@4.0.0',
npm WARN EBADENGINE   required: { node: '^20.17.0 || >=22.9.0' },
npm WARN EBADENGINE   current: { node: 'v14.20.0', npm: '8.5.0' }
npm WARN EBADENGINE }
npm WARN EBADENGINE Unsupported engine {
npm WARN EBADENGINE   package: 'body-parser@2.2.1',
npm WARN EBADENGINE   required: { node: '>=18' },
npm WARN EBADENGINE   current: { node: 'v14.20.0', npm: '8.5.0' }
npm WARN EBADENGINE }
npm WARN EBADENGINE Unsupported engine {
npm WARN EBADENGINE   package: 'chromedriver@137.0.4',
npm WARN EBADENGINE   required: { node: '>=20' },
npm WARN EBADENGINE   current: { node: 'v14.20.0', npm: '8.5.0' }
npm WARN EBADENGINE }
npm WARN EBADENGINE Unsupported engine {
npm WARN EBADENGINE   package: 'cli-truncate@5.1.1',
npm WARN EBADENGINE   required: { node: '>=20' },
npm WARN EBADENGINE   current: { node: 'v14.20.0', npm: '8.5.0' }
npm WARN EBADENGINE }
npm WARN EBADENGINE Unsupported engine {
npm WARN EBADENGINE   package: 'string-width@8.1.0',
npm WARN EBADENGINE   required: { node: '>=20' },
npm WARN EBADENGINE   current: { node: 'v14.20.0', npm: '8.5.0' }
npm WARN EBADENGINE }
npm WARN EBADENGINE Unsupported engine {
npm WARN EBADENGINE   package: 'cliui@9.0.1',
npm WARN EBADENGINE   required: { node: '>=20' },
npm WARN EBADENGINE   current: { node: 'v14.20.0', npm: '8.5.0' }
npm WARN EBADENGINE }
npm WARN EBADENGINE Unsupported engine {
npm WARN EBADENGINE   package: 'string-width@7.2.0',
npm WARN EBADENGINE   required: { node: '>=18' },
npm WARN EBADENGINE   current: { node: 'v14.20.0', npm: '8.5.0' }
npm WARN EBADENGINE }
npm WARN EBADENGINE Unsupported engine {
npm WARN EBADENGINE   package: 'content-disposition@1.0.1',
npm WARN EBADENGINE   required: { node: '>=18' },
npm WARN EBADENGINE   current: { node: 'v14.20.0', npm: '8.5.0' }
npm WARN EBADENGINE }
npm WARN EBADENGINE Unsupported engine {
npm WARN EBADENGINE   package: 'environment@1.1.0',
npm WARN EBADENGINE   required: { node: '>=18' },
npm WARN EBADENGINE   current: { node: 'v14.20.0', npm: '8.5.0' }
npm WARN EBADENGINE }
npm WARN EBADENGINE Unsupported engine {
npm WARN EBADENGINE   package: 'eventsource@3.0.7',
npm WARN EBADENGINE   required: { node: '>=18.0.0' },
npm WARN EBADENGINE   current: { node: 'v14.20.0', npm: '8.5.0' }
npm WARN EBADENGINE }
npm WARN EBADENGINE Unsupported engine {
npm WARN EBADENGINE   package: 'eventsource-parser@3.0.6',
npm WARN EBADENGINE   required: { node: '>=18.0.0' },
npm WARN EBADENGINE   current: { node: 'v14.20.0', npm: '8.5.0' }
npm WARN EBADENGINE }
npm WARN EBADENGINE Unsupported engine {
npm WARN EBADENGINE   package: 'express@5.1.0',
npm WARN EBADENGINE   required: { node: '>= 18' },
npm WARN EBADENGINE   current: { node: 'v14.20.0', npm: '8.5.0' }
npm WARN EBADENGINE }
npm WARN EBADENGINE Unsupported engine {
npm WARN EBADENGINE   package: 'express-rate-limit@7.5.1',
npm WARN EBADENGINE   required: { node: '>= 16' },
npm WARN EBADENGINE   current: { node: 'v14.20.0', npm: '8.5.0' }
npm WARN EBADENGINE }
npm WARN EBADENGINE Unsupported engine {
npm WARN EBADENGINE   package: 'get-east-asian-width@1.4.0',
npm WARN EBADENGINE   required: { node: '>=18' },
npm WARN EBADENGINE   current: { node: 'v14.20.0', npm: '8.5.0' }
npm WARN EBADENGINE }
npm WARN EBADENGINE Unsupported engine {
npm WARN EBADENGINE   package: 'hosted-git-info@9.0.2',
npm WARN EBADENGINE   required: { node: '^20.17.0 || >=22.9.0' },
npm WARN EBADENGINE   current: { node: 'v14.20.0', npm: '8.5.0' }
npm WARN EBADENGINE }
npm WARN EBADENGINE Unsupported engine {
npm WARN EBADENGINE   package: 'lru-cache@11.2.2',
npm WARN EBADENGINE   required: { node: '20 || >=22' },
npm WARN EBADENGINE   current: { node: 'v14.20.0', npm: '8.5.0' }
npm WARN EBADENGINE }
npm WARN EBADENGINE Unsupported engine {
npm WARN EBADENGINE   package: 'ignore-walk@8.0.0',
npm WARN EBADENGINE   required: { node: '^20.17.0 || >=22.9.0' },
npm WARN EBADENGINE   current: { node: 'v14.20.0', npm: '8.5.0' }
npm WARN EBADENGINE }
npm WARN EBADENGINE Unsupported engine {
npm WARN EBADENGINE   package: 'minimatch@10.1.1',
npm WARN EBADENGINE   required: { node: '20 || >=22' },
npm WARN EBADENGINE   current: { node: 'v14.20.0', npm: '8.5.0' }
npm WARN EBADENGINE }
npm WARN EBADENGINE Unsupported engine {
npm WARN EBADENGINE   package: 'ini@5.0.0',
npm WARN EBADENGINE   required: { node: '^18.17.0 || >=20.5.0' },
npm WARN EBADENGINE   current: { node: 'v14.20.0', npm: '8.5.0' }
npm WARN EBADENGINE }
npm WARN EBADENGINE Unsupported engine {
npm WARN EBADENGINE   package: 'is-fullwidth-code-point@5.1.0',
npm WARN EBADENGINE   required: { node: '>=18' },
npm WARN EBADENGINE   current: { node: 'v14.20.0', npm: '8.5.0' }
npm WARN EBADENGINE }
npm WARN EBADENGINE Unsupported engine {
npm WARN EBADENGINE   package: 'json-parse-even-better-errors@5.0.0',
npm WARN EBADENGINE   required: { node: '^20.17.0 || >=22.9.0' },
npm WARN EBADENGINE   current: { node: 'v14.20.0', npm: '8.5.0' }
npm WARN EBADENGINE }
npm WARN EBADENGINE Unsupported engine {
npm WARN EBADENGINE   package: 'listr2@9.0.5',
npm WARN EBADENGINE   required: { node: '>=20.0.0' },
npm WARN EBADENGINE   current: { node: 'v14.20.0', npm: '8.5.0' }
npm WARN EBADENGINE }
npm WARN EBADENGINE Unsupported engine {
npm WARN EBADENGINE   package: 'log-update@6.1.0',
npm WARN EBADENGINE   required: { node: '>=18' },
npm WARN EBADENGINE   current: { node: 'v14.20.0', npm: '8.5.0' }
npm WARN EBADENGINE }
npm WARN EBADENGINE Unsupported engine {
npm WARN EBADENGINE   package: 'ansi-escapes@7.2.0',
npm WARN EBADENGINE   required: { node: '>=18' },
npm WARN EBADENGINE   current: { node: 'v14.20.0', npm: '8.5.0' }
npm WARN EBADENGINE }
npm WARN EBADENGINE Unsupported engine {
npm WARN EBADENGINE   package: 'cli-cursor@5.0.0',
npm WARN EBADENGINE   required: { node: '>=18' },
npm WARN EBADENGINE   current: { node: 'v14.20.0', npm: '8.5.0' }
npm WARN EBADENGINE }
npm WARN EBADENGINE Unsupported engine {
npm WARN EBADENGINE   package: 'onetime@7.0.0',
npm WARN EBADENGINE   required: { node: '>=18' },
npm WARN EBADENGINE   current: { node: 'v14.20.0', npm: '8.5.0' }
npm WARN EBADENGINE }
npm WARN EBADENGINE Unsupported engine {
npm WARN EBADENGINE   package: 'restore-cursor@5.1.0',
npm WARN EBADENGINE   required: { node: '>=18' },
npm WARN EBADENGINE   current: { node: 'v14.20.0', npm: '8.5.0' }
npm WARN EBADENGINE }
npm WARN EBADENGINE Unsupported engine {
npm WARN EBADENGINE   package: 'make-fetch-happen@15.0.3',
npm WARN EBADENGINE   required: { node: '^20.17.0 || >=22.9.0' },
npm WARN EBADENGINE   current: { node: 'v14.20.0', npm: '8.5.0' }
npm WARN EBADENGINE }
npm WARN EBADENGINE Unsupported engine {
npm WARN EBADENGINE   package: 'cacache@20.0.3',
npm WARN EBADENGINE   required: { node: '^20.17.0 || >=22.9.0' },
npm WARN EBADENGINE   current: { node: 'v14.20.0', npm: '8.5.0' }
npm WARN EBADENGINE }
npm WARN EBADENGINE Unsupported engine {
npm WARN EBADENGINE   package: 'glob@13.0.0',
npm WARN EBADENGINE   required: { node: '20 || >=22' },
npm WARN EBADENGINE   current: { node: 'v14.20.0', npm: '8.5.0' }
npm WARN EBADENGINE }
npm WARN EBADENGINE Unsupported engine {
npm WARN EBADENGINE   package: 'lru-cache@11.2.2',
npm WARN EBADENGINE   required: { node: '20 || >=22' },
npm WARN EBADENGINE   current: { node: 'v14.20.0', npm: '8.5.0' }
npm WARN EBADENGINE }
npm WARN EBADENGINE Unsupported engine {
npm WARN EBADENGINE   package: 'minimatch@10.1.1',
npm WARN EBADENGINE   required: { node: '20 || >=22' },
npm WARN EBADENGINE   current: { node: 'v14.20.0', npm: '8.5.0' }
npm WARN EBADENGINE }
npm WARN EBADENGINE Unsupported engine {
npm WARN EBADENGINE   package: 'p-map@7.0.4',
npm WARN EBADENGINE   required: { node: '>=18' },
npm WARN EBADENGINE   current: { node: 'v14.20.0', npm: '8.5.0' }
npm WARN EBADENGINE }
npm WARN EBADENGINE Unsupported engine {
npm WARN EBADENGINE   package: 'proc-log@6.1.0',
npm WARN EBADENGINE   required: { node: '^20.17.0 || >=22.9.0' },
npm WARN EBADENGINE   current: { node: 'v14.20.0', npm: '8.5.0' }
npm WARN EBADENGINE }
npm WARN EBADENGINE Unsupported engine {
npm WARN EBADENGINE   package: 'ssri@13.0.0',
npm WARN EBADENGINE   required: { node: '^20.17.0 || >=22.9.0' },
npm WARN EBADENGINE   current: { node: 'v14.20.0', npm: '8.5.0' }
npm WARN EBADENGINE }
npm WARN EBADENGINE Unsupported engine {
npm WARN EBADENGINE   package: 'unique-filename@5.0.0',
npm WARN EBADENGINE   required: { node: '^20.17.0 || >=22.9.0' },
npm WARN EBADENGINE   current: { node: 'v14.20.0', npm: '8.5.0' }
npm WARN EBADENGINE }
npm WARN EBADENGINE Unsupported engine {
npm WARN EBADENGINE   package: 'unique-slug@6.0.0',
npm WARN EBADENGINE   required: { node: '^20.17.0 || >=22.9.0' },
npm WARN EBADENGINE   current: { node: 'v14.20.0', npm: '8.5.0' }
npm WARN EBADENGINE }
npm WARN EBADENGINE Unsupported engine {
npm WARN EBADENGINE   package: 'merge-descriptors@2.0.0',
npm WARN EBADENGINE   required: { node: '>=18' },
npm WARN EBADENGINE   current: { node: 'v14.20.0', npm: '8.5.0' }
npm WARN EBADENGINE }
npm WARN EBADENGINE Unsupported engine {
npm WARN EBADENGINE   package: 'mime-types@3.0.2',
npm WARN EBADENGINE   required: { node: '>=18' },
npm WARN EBADENGINE   current: { node: 'v14.20.0', npm: '8.5.0' }
npm WARN EBADENGINE }
npm WARN EBADENGINE Unsupported engine {
npm WARN EBADENGINE   package: 'mimic-function@5.0.1',
npm WARN EBADENGINE   required: { node: '>=18' },
npm WARN EBADENGINE   current: { node: 'v14.20.0', npm: '8.5.0' }
npm WARN EBADENGINE }
npm WARN EBADENGINE Unsupported engine {
npm WARN EBADENGINE   package: 'minipass-fetch@5.0.0',
npm WARN EBADENGINE   required: { node: '^20.17.0 || >=22.9.0' },
npm WARN EBADENGINE   current: { node: 'v14.20.0', npm: '8.5.0' }
npm WARN EBADENGINE }
npm WARN EBADENGINE Unsupported engine {
npm WARN EBADENGINE   package: 'minizlib@3.1.0',
npm WARN EBADENGINE   required: { node: '>= 18' },
npm WARN EBADENGINE   current: { node: 'v14.20.0', npm: '8.5.0' }
npm WARN EBADENGINE }
npm WARN EBADENGINE Unsupported engine {
npm WARN EBADENGINE   package: 'node-gyp@12.1.0',
npm WARN EBADENGINE   required: { node: '^20.17.0 || >=22.9.0' },
npm WARN EBADENGINE   current: { node: 'v14.20.0', npm: '8.5.0' }
npm WARN EBADENGINE }
npm WARN EBADENGINE Unsupported engine {
npm WARN EBADENGINE   package: 'chownr@3.0.0',
npm WARN EBADENGINE   required: { node: '>=18' },
npm WARN EBADENGINE   current: { node: 'v14.20.0', npm: '8.5.0' }
npm WARN EBADENGINE }
npm WARN EBADENGINE Unsupported engine {
npm WARN EBADENGINE   package: 'isexe@3.1.1',
npm WARN EBADENGINE   required: { node: '>=16' },
npm WARN EBADENGINE   current: { node: 'v14.20.0', npm: '8.5.0' }
npm WARN EBADENGINE }
npm WARN EBADENGINE Unsupported engine {
npm WARN EBADENGINE   package: 'proc-log@6.1.0',
npm WARN EBADENGINE   required: { node: '^20.17.0 || >=22.9.0' },
npm WARN EBADENGINE   current: { node: 'v14.20.0', npm: '8.5.0' }
npm WARN EBADENGINE }
npm WARN EBADENGINE Unsupported engine {
npm WARN EBADENGINE   package: 'tar@7.5.2',
npm WARN EBADENGINE   required: { node: '>=18' },
npm WARN EBADENGINE   current: { node: 'v14.20.0', npm: '8.5.0' }
npm WARN EBADENGINE }
npm WARN EBADENGINE Unsupported engine {
npm WARN EBADENGINE   package: 'which@6.0.0',
npm WARN EBADENGINE   required: { node: '^20.17.0 || >=22.9.0' },
npm WARN EBADENGINE   current: { node: 'v14.20.0', npm: '8.5.0' }
npm WARN EBADENGINE }
npm WARN EBADENGINE Unsupported engine {
npm WARN EBADENGINE   package: 'yallist@5.0.0',
npm WARN EBADENGINE   required: { node: '>=18' },
npm WARN EBADENGINE   current: { node: 'v14.20.0', npm: '8.5.0' }
npm WARN EBADENGINE }
npm WARN EBADENGINE Unsupported engine {
npm WARN EBADENGINE   package: 'nopt@9.0.0',
npm WARN EBADENGINE   required: { node: '^20.17.0 || >=22.9.0' },
npm WARN EBADENGINE   current: { node: 'v14.20.0', npm: '8.5.0' }
npm WARN EBADENGINE }
npm WARN EBADENGINE Unsupported engine {
npm WARN EBADENGINE   package: 'npm-bundled@4.0.0',
npm WARN EBADENGINE   required: { node: '^18.17.0 || >=20.5.0' },
npm WARN EBADENGINE   current: { node: 'v14.20.0', npm: '8.5.0' }
npm WARN EBADENGINE }
npm WARN EBADENGINE Unsupported engine {
npm WARN EBADENGINE   package: 'npm-install-checks@8.0.0',
npm WARN EBADENGINE   required: { node: '^20.17.0 || >=22.9.0' },
npm WARN EBADENGINE   current: { node: 'v14.20.0', npm: '8.5.0' }
npm WARN EBADENGINE }
npm WARN EBADENGINE Unsupported engine {
npm WARN EBADENGINE   package: 'npm-normalize-package-bin@4.0.0',
npm WARN EBADENGINE   required: { node: '^18.17.0 || >=20.5.0' },
npm WARN EBADENGINE   current: { node: 'v14.20.0', npm: '8.5.0' }
npm WARN EBADENGINE }
npm WARN EBADENGINE Unsupported engine {
npm WARN EBADENGINE   package: 'npm-package-arg@13.0.1',
npm WARN EBADENGINE   required: { node: '^20.17.0 || >=22.9.0' },
npm WARN EBADENGINE   current: { node: 'v14.20.0', npm: '8.5.0' }
npm WARN EBADENGINE }
npm WARN EBADENGINE Unsupported engine {
npm WARN EBADENGINE   package: 'npm-packlist@10.0.3',
npm WARN EBADENGINE   required: { node: '^20.17.0 || >=22.9.0' },
npm WARN EBADENGINE   current: { node: 'v14.20.0', npm: '8.5.0' }
npm WARN EBADENGINE }
npm WARN EBADENGINE Unsupported engine {
npm WARN EBADENGINE   package: 'proc-log@6.1.0',
npm WARN EBADENGINE   required: { node: '^20.17.0 || >=22.9.0' },
npm WARN EBADENGINE   current: { node: 'v14.20.0', npm: '8.5.0' }
npm WARN EBADENGINE }
npm WARN EBADENGINE Unsupported engine {
npm WARN EBADENGINE   package: 'npm-pick-manifest@11.0.3',
npm WARN EBADENGINE   required: { node: '^20.17.0 || >=22.9.0' },
npm WARN EBADENGINE   current: { node: 'v14.20.0', npm: '8.5.0' }
npm WARN EBADENGINE }
npm WARN EBADENGINE Unsupported engine {
npm WARN EBADENGINE   package: 'npm-normalize-package-bin@5.0.0',
npm WARN EBADENGINE   required: { node: '^20.17.0 || >=22.9.0' },
npm WARN EBADENGINE   current: { node: 'v14.20.0', npm: '8.5.0' }
npm WARN EBADENGINE }
npm WARN EBADENGINE Unsupported engine {
npm WARN EBADENGINE   package: 'npm-registry-fetch@19.1.1',
npm WARN EBADENGINE   required: { node: '^20.17.0 || >=22.9.0' },
npm WARN EBADENGINE   current: { node: 'v14.20.0', npm: '8.5.0' }
npm WARN EBADENGINE }
npm WARN EBADENGINE Unsupported engine {
npm WARN EBADENGINE   package: 'proc-log@6.1.0',
npm WARN EBADENGINE   required: { node: '^20.17.0 || >=22.9.0' },
npm WARN EBADENGINE   current: { node: 'v14.20.0', npm: '8.5.0' }
npm WARN EBADENGINE }
npm WARN EBADENGINE Unsupported engine {
npm WARN EBADENGINE   package: 'pacote@21.0.3',
npm WARN EBADENGINE   required: { node: '^20.17.0 || >=22.9.0' },
npm WARN EBADENGINE   current: { node: 'v14.20.0', npm: '8.5.0' }
npm WARN EBADENGINE }
npm WARN EBADENGINE Unsupported engine {
npm WARN EBADENGINE   package: 'cacache@20.0.3',
npm WARN EBADENGINE   required: { node: '^20.17.0 || >=22.9.0' },
npm WARN EBADENGINE   current: { node: 'v14.20.0', npm: '8.5.0' }
npm WARN EBADENGINE }
npm WARN EBADENGINE Unsupported engine {
npm WARN EBADENGINE   package: 'ssri@13.0.0',
npm WARN EBADENGINE   required: { node: '^20.17.0 || >=22.9.0' },
npm WARN EBADENGINE   current: { node: 'v14.20.0', npm: '8.5.0' }
npm WARN EBADENGINE }
npm WARN EBADENGINE Unsupported engine {
npm WARN EBADENGINE   package: 'chownr@3.0.0',
npm WARN EBADENGINE   required: { node: '>=18' },
npm WARN EBADENGINE   current: { node: 'v14.20.0', npm: '8.5.0' }
npm WARN EBADENGINE }
npm WARN EBADENGINE Unsupported engine {
npm WARN EBADENGINE   package: 'glob@13.0.0',
npm WARN EBADENGINE   required: { node: '20 || >=22' },
npm WARN EBADENGINE   current: { node: 'v14.20.0', npm: '8.5.0' }
npm WARN EBADENGINE }
npm WARN EBADENGINE Unsupported engine {
npm WARN EBADENGINE   package: 'lru-cache@11.2.2',
npm WARN EBADENGINE   required: { node: '20 || >=22' },
npm WARN EBADENGINE   current: { node: 'v14.20.0', npm: '8.5.0' }
npm WARN EBADENGINE }
npm WARN EBADENGINE Unsupported engine {
npm WARN EBADENGINE   package: 'minimatch@10.1.1',
npm WARN EBADENGINE   required: { node: '20 || >=22' },
npm WARN EBADENGINE   current: { node: 'v14.20.0', npm: '8.5.0' }
npm WARN EBADENGINE }
npm WARN EBADENGINE Unsupported engine {
npm WARN EBADENGINE   package: 'p-map@7.0.4',
npm WARN EBADENGINE   required: { node: '>=18' },
npm WARN EBADENGINE   current: { node: 'v14.20.0', npm: '8.5.0' }
npm WARN EBADENGINE }
npm WARN EBADENGINE Unsupported engine {
npm WARN EBADENGINE   package: 'ssri@12.0.0',
npm WARN EBADENGINE   required: { node: '^18.17.0 || >=20.5.0' },
npm WARN EBADENGINE   current: { node: 'v14.20.0', npm: '8.5.0' }
npm WARN EBADENGINE }
npm WARN EBADENGINE Unsupported engine {
npm WARN EBADENGINE   package: 'tar@7.5.2',
npm WARN EBADENGINE   required: { node: '>=18' },
npm WARN EBADENGINE   current: { node: 'v14.20.0', npm: '8.5.0' }
npm WARN EBADENGINE }
npm WARN EBADENGINE Unsupported engine {
npm WARN EBADENGINE   package: 'unique-filename@5.0.0',
npm WARN EBADENGINE   required: { node: '^20.17.0 || >=22.9.0' },
npm WARN EBADENGINE   current: { node: 'v14.20.0', npm: '8.5.0' }
npm WARN EBADENGINE }
npm WARN EBADENGINE Unsupported engine {
npm WARN EBADENGINE   package: 'unique-slug@6.0.0',
npm WARN EBADENGINE   required: { node: '^20.17.0 || >=22.9.0' },
npm WARN EBADENGINE   current: { node: 'v14.20.0', npm: '8.5.0' }
npm WARN EBADENGINE }
npm WARN EBADENGINE Unsupported engine {
npm WARN EBADENGINE   package: 'yallist@5.0.0',
npm WARN EBADENGINE   required: { node: '>=18' },
npm WARN EBADENGINE   current: { node: 'v14.20.0', npm: '8.5.0' }
npm WARN EBADENGINE }
npm WARN EBADENGINE Unsupported engine {
npm WARN EBADENGINE   package: 'path-scurry@2.0.1',
npm WARN EBADENGINE   required: { node: '20 || >=22' },
npm WARN EBADENGINE   current: { node: 'v14.20.0', npm: '8.5.0' }
npm WARN EBADENGINE }
npm WARN EBADENGINE Unsupported engine {
npm WARN EBADENGINE   package: 'lru-cache@11.2.2',
npm WARN EBADENGINE   required: { node: '20 || >=22' },
npm WARN EBADENGINE   current: { node: 'v14.20.0', npm: '8.5.0' }
npm WARN EBADENGINE }
npm WARN EBADENGINE Unsupported engine {
npm WARN EBADENGINE   package: 'pkce-challenge@5.0.1',
npm WARN EBADENGINE   required: { node: '>=16.20.0' },
npm WARN EBADENGINE   current: { node: 'v14.20.0', npm: '8.5.0' }
npm WARN EBADENGINE }
npm WARN EBADENGINE Unsupported engine {
npm WARN EBADENGINE   package: 'proc-log@5.0.0',
npm WARN EBADENGINE   required: { node: '^18.17.0 || >=20.5.0' },
npm WARN EBADENGINE   current: { node: 'v14.20.0', npm: '8.5.0' }
npm WARN EBADENGINE }
npm WARN EBADENGINE Unsupported engine {
npm WARN EBADENGINE   package: 'router@2.2.0',
npm WARN EBADENGINE   required: { node: '>= 18' },
npm WARN EBADENGINE   current: { node: 'v14.20.0', npm: '8.5.0' }
npm WARN EBADENGINE }
npm WARN EBADENGINE Unsupported engine {
npm WARN EBADENGINE   package: 'selenium-webdriver@4.38.0',
npm WARN EBADENGINE   required: { node: '>= 20.0.0' },
npm WARN EBADENGINE   current: { node: 'v14.20.0', npm: '8.5.0' }
npm WARN EBADENGINE }
npm WARN EBADENGINE Unsupported engine {
npm WARN EBADENGINE   package: 'send@1.2.0',
npm WARN EBADENGINE   required: { node: '>= 18' },
npm WARN EBADENGINE   current: { node: 'v14.20.0', npm: '8.5.0' }
npm WARN EBADENGINE }
npm WARN EBADENGINE Unsupported engine {
npm WARN EBADENGINE   package: 'serve-static@2.2.0',
npm WARN EBADENGINE   required: { node: '>= 18' },
npm WARN EBADENGINE   current: { node: 'v14.20.0', npm: '8.5.0' }
npm WARN EBADENGINE }
npm WARN EBADENGINE Unsupported engine {
npm WARN EBADENGINE   package: 'sigstore@4.0.0',
npm WARN EBADENGINE   required: { node: '^20.17.0 || >=22.9.0' },
npm WARN EBADENGINE   current: { node: 'v14.20.0', npm: '8.5.0' }
npm WARN EBADENGINE }
npm WARN EBADENGINE Unsupported engine {
npm WARN EBADENGINE   package: 'slice-ansi@7.1.2',
npm WARN EBADENGINE   required: { node: '>=18' },
npm WARN EBADENGINE   current: { node: 'v14.20.0', npm: '8.5.0' }
npm WARN EBADENGINE }
npm WARN EBADENGINE Unsupported engine {
npm WARN EBADENGINE   package: 'stdin-discarder@0.2.2',
npm WARN EBADENGINE   required: { node: '>=18' },
npm WARN EBADENGINE   current: { node: 'v14.20.0', npm: '8.5.0' }
npm WARN EBADENGINE }
npm WARN EBADENGINE Unsupported engine {
npm WARN EBADENGINE   package: 'tuf-js@4.0.0',
npm WARN EBADENGINE   required: { node: '^20.17.0 || >=22.9.0' },
npm WARN EBADENGINE   current: { node: 'v14.20.0', npm: '8.5.0' }
npm WARN EBADENGINE }
npm WARN EBADENGINE Unsupported engine {
npm WARN EBADENGINE   package: 'validate-npm-package-name@6.0.2',
npm WARN EBADENGINE   required: { node: '^18.17.0 || >=20.5.0' },
npm WARN EBADENGINE   current: { node: 'v14.20.0', npm: '8.5.0' }
npm WARN EBADENGINE }
npm WARN EBADENGINE Unsupported engine {
npm WARN EBADENGINE   package: 'wrap-ansi@9.0.2',
npm WARN EBADENGINE   required: { node: '>=18' },
npm WARN EBADENGINE   current: { node: 'v14.20.0', npm: '8.5.0' }
npm WARN EBADENGINE }
npm WARN EBADENGINE Unsupported engine {
npm WARN EBADENGINE   package: 'string-width@7.2.0',
npm WARN EBADENGINE   required: { node: '>=18' },
npm WARN EBADENGINE   current: { node: 'v14.20.0', npm: '8.5.0' }
npm WARN EBADENGINE }
npm WARN EBADENGINE Unsupported engine {
npm WARN EBADENGINE   package: 'yargs@18.0.0',
npm WARN EBADENGINE   required: { node: '^20.19.0 || ^22.12.0 || >=23' },
npm WARN EBADENGINE   current: { node: 'v14.20.0', npm: '8.5.0' }
npm WARN EBADENGINE }
npm WARN EBADENGINE Unsupported engine {
npm WARN EBADENGINE   package: 'string-width@7.2.0',
npm WARN EBADENGINE   required: { node: '>=18' },
npm WARN EBADENGINE   current: { node: 'v14.20.0', npm: '8.5.0' }
npm WARN EBADENGINE }
npm WARN EBADENGINE Unsupported engine {
npm WARN EBADENGINE   package: 'yargs-parser@22.0.0',
npm WARN EBADENGINE   required: { node: '^20.19.0 || ^22.12.0 || >=23' },
npm WARN EBADENGINE   current: { node: 'v14.20.0', npm: '8.5.0' }
npm WARN EBADENGINE }
npm WARN EBADENGINE Unsupported engine {
npm WARN EBADENGINE   package: 'yoctocolors@2.1.2',
npm WARN EBADENGINE   required: { node: '>=18' },
npm WARN EBADENGINE   current: { node: 'v14.20.0', npm: '8.5.0' }
npm WARN EBADENGINE }
npm WARN EBADENGINE Unsupported engine {
npm WARN EBADENGINE   package: 'yoctocolors-cjs@2.1.3',
npm WARN EBADENGINE   required: { node: '>=18' },
npm WARN EBADENGINE   current: { node: 'v14.20.0', npm: '8.5.0' }
npm WARN EBADENGINE }

up to date, audited 1823 packages in 5s

179 packages are looking for funding
  run `npm fund` for details

69 vulnerabilities (5 low, 42 moderate, 19 high, 3 critical)

To address issues that do not require attention, run:
  npm audit fix

To address all issues possible (including breaking changes), run:
  npm audit fix --force

Some issues need review, and may require choosing
a different dependency.

Run `npm audit` for details.
